<?xml version="1.0" encoding="UTF-8"?>
<testng-results skipped="0" failed="0" ignored="0" total="1" passed="1">
  <reporter-output>
  </reporter-output>
  <suite name="Suite" duration-ms="24247" started-at="2020-03-28T20:55:20 IST" finished-at="2020-03-28T20:55:44 IST">
    <groups>
    </groups>
    <test name="Test" duration-ms="24247" started-at="2020-03-28T20:55:20 IST" finished-at="2020-03-28T20:55:44 IST">
      <class name="testcases.dragAndDrop">
        <test-method status="PASS" signature="apiDemoTest()[pri:0, instance:testcases.dragAndDrop@5bfbf16f]" name="apiDemoTest" duration-ms="24176" started-at="2020-03-28T20:55:20 IST" finished-at="2020-03-28T20:55:44 IST">
          <reporter-output>
          </reporter-output>
        </test-method> <!-- apiDemoTest -->
      </class> <!-- testcases.dragAndDrop -->
    </test> <!-- Test -->
  </suite> <!-- Suite -->
</testng-results>
